D:\PROCEDURE\SSSS\SSSS\DEBUG\SS.OBJ
D:\PROCEDURE\SSSS\SSSS\DEBUG\VC110.PDB
D:\PROCEDURE\SSSS\SSSS\DEBUG\RTOQ.OBJ
D:\procedure\ssss\ssss\Debug\RtoQ.obj
D:\procedure\ssss\ssss\Debug\ss.obj
D:\procedure\ssss\ssss\Debug\cl.command.1.tlog
D:\procedure\ssss\ssss\Debug\CL.read.1.tlog
D:\procedure\ssss\ssss\Debug\CL.write.1.tlog
D:\procedure\ssss\ssss\Debug\link-cvtres.read.1.tlog
D:\procedure\ssss\ssss\Debug\link-cvtres.write.1.tlog
D:\procedure\ssss\ssss\Debug\link-rc.read.1.tlog
D:\procedure\ssss\ssss\Debug\link-rc.write.1.tlog
D:\procedure\ssss\ssss\Debug\link.148-cvtres.read.1.tlog
D:\procedure\ssss\ssss\Debug\link.148-cvtres.write.1.tlog
D:\procedure\ssss\ssss\Debug\link.148-rc.read.1.tlog
D:\procedure\ssss\ssss\Debug\link.148-rc.write.1.tlog
D:\procedure\ssss\ssss\Debug\link.148.read.1.tlog
D:\procedure\ssss\ssss\Debug\link.148.write.1.tlog
D:\procedure\ssss\ssss\Debug\link.4148-cvtres.read.1.tlog
D:\procedure\ssss\ssss\Debug\link.4148-cvtres.write.1.tlog
D:\procedure\ssss\ssss\Debug\link.4148-rc.read.1.tlog
D:\procedure\ssss\ssss\Debug\link.4148-rc.write.1.tlog
D:\procedure\ssss\ssss\Debug\link.4148.read.1.tlog
D:\procedure\ssss\ssss\Debug\link.4148.write.1.tlog
D:\procedure\ssss\ssss\Debug\link.896-cvtres.read.1.tlog
D:\procedure\ssss\ssss\Debug\link.896-cvtres.write.1.tlog
D:\procedure\ssss\ssss\Debug\link.896-rc.read.1.tlog
D:\procedure\ssss\ssss\Debug\link.896-rc.write.1.tlog
D:\procedure\ssss\ssss\Debug\link.896.read.1.tlog
D:\procedure\ssss\ssss\Debug\link.896.write.1.tlog
D:\procedure\ssss\ssss\Debug\link.command.1.tlog
D:\procedure\ssss\ssss\Debug\link.read.1.tlog
D:\procedure\ssss\ssss\Debug\link.write.1.tlog
D:\procedure\ssss\ssss\Debug\vc110.idb
D:\procedure\ssss\ssss\Debug\vc110.pdb
D:\procedure\ssss\Debug\ssss.pdb
